<?xml version="1.0" encoding="UTF-8"?>
<testng-results ignored="0" total="1" passed="1" failed="0" skipped="0">
  <reporter-output>
  </reporter-output>
  <suite started-at="2022-07-27T17:25:57 AST" name="Default suite" finished-at="2022-07-27T17:26:18 AST" duration-ms="20703">
    <groups>
    </groups>
    <test started-at="2022-07-27T17:25:57 AST" name="Default test" finished-at="2022-07-27T17:26:18 AST" duration-ms="20703">
      <class name="ass1StartswithXPath.ChromWebDriver">
        <test-method is-config="true" signature="setUp()[pri:0, instance:ass1StartswithXPath.ChromWebDriver@222114ba]" started-at="2022-07-27T17:25:57 AST" name="setUp" finished-at="2022-07-27T17:26:04 AST" duration-ms="6824" status="PASS">
          <reporter-output>
          </reporter-output>
        </test-method> <!-- setUp -->
        <test-method signature="LearnEnglishWebSite()[pri:0, instance:ass1StartswithXPath.ChromWebDriver@222114ba]" started-at="2022-07-27T17:26:04 AST" name="LearnEnglishWebSite" finished-at="2022-07-27T17:26:17 AST" duration-ms="13262" status="PASS">
          <reporter-output>
          </reporter-output>
        </test-method> <!-- LearnEnglishWebSite -->
        <test-method is-config="true" signature="terminateBrowser()[pri:0, instance:ass1StartswithXPath.ChromWebDriver@222114ba]" started-at="2022-07-27T17:26:17 AST" name="terminateBrowser" finished-at="2022-07-27T17:26:18 AST" duration-ms="446" status="PASS">
          <reporter-output>
          </reporter-output>
        </test-method> <!-- terminateBrowser -->
      </class> <!-- ass1StartswithXPath.ChromWebDriver -->
    </test> <!-- Default test -->
  </suite> <!-- Default suite -->
</testng-results>
